This is pdfTeX, Version 3.1415926-2.3-1.40.12 (MiKTeX 2.9 64-bit) (preloaded format=pdflatex 2012.10.7)  1 MAY 2013 02:28
entering extended mode
**D:/projetos/software/tcc/artigos/eureka2013/ap_proc_template.tex
(D:/projetos/software/tcc/artigos/eureka2013/ap_proc_template.tex
LaTeX2e <2011/06/27>
Babel <v3.8m> and hyphenation patterns for english, afrikaans, ancientgreek, ar
abic, armenian, assamese, basque, bengali, bokmal, bulgarian, catalan, coptic, 
croatian, czech, danish, dutch, esperanto, estonian, farsi, finnish, french, ga
lician, german, german-x-2009-06-19, greek, gujarati, hindi, hungarian, iceland
ic, indonesian, interlingua, irish, italian, kannada, kurmanji, lao, latin, lat
vian, lithuanian, malayalam, marathi, mongolian, mongolianlmc, monogreek, ngerm
an, ngerman-x-2009-06-19, nynorsk, oriya, panjabi, pinyin, polish, portuguese, 
romanian, russian, sanskrit, serbian, slovak, slovenian, spanish, swedish, swis
sgerman, tamil, telugu, turkish, turkmen, ukenglish, ukrainian, uppersorbian, u
senglishmax, welsh, loaded.
(D:\projetos\software\tcc\artigos\eureka2013\atlantis-press.cls
Document Class: atlantis-press 1999/01/07 v1.4a Standard LaTeX document class
("C:\Program Files\MiKTeX 2.9\tex\latex\base\size10.clo"
File: size10.clo 2007/10/19 v1.4h Standard LaTeX file (size option)
)
\c@part=\count79
\c@section=\count80
\c@subsection=\count81
\c@subsubsection=\count82
\c@paragraph=\count83
\c@subparagraph=\count84
\c@figure=\count85
\c@table=\count86
\abovecaptionskip=\skip41
\belowcaptionskip=\skip42
\bibindent=\dimen102
\trim@width=\dimen103
\trim@height=\dimen104
\paper@width=\dimen105
\paper@height=\dimen106
\@@@sheetcount=\count87
)
("C:\Program Files\MiKTeX 2.9\tex\latex\graphics\graphicx.sty"
Package: graphicx 1999/02/16 v1.0f Enhanced LaTeX Graphics (DPC,SPQR)

("C:\Program Files\MiKTeX 2.9\tex\latex\graphics\keyval.sty"
Package: keyval 1999/03/16 v1.13 key=value parser (DPC)
\KV@toks@=\toks14
)
("C:\Program Files\MiKTeX 2.9\tex\latex\graphics\graphics.sty"
Package: graphics 2009/02/05 v1.0o Standard LaTeX Graphics (DPC,SPQR)

("C:\Program Files\MiKTeX 2.9\tex\latex\graphics\trig.sty"
Package: trig 1999/03/16 v1.09 sin cos tan (DPC)
)
("C:\Program Files\MiKTeX 2.9\tex\latex\00miktex\graphics.cfg"
File: graphics.cfg 2007/01/18 v1.5 graphics configuration of teTeX/TeXLive
)
Package graphics Info: Driver file: dvips.def on input line 91.

("C:\Program Files\MiKTeX 2.9\tex\latex\graphics\dvips.def"
File: dvips.def 1999/02/16 v3.0i Driver-dependant file (DPC,SPQR)
))
\Gin@req@height=\dimen107
\Gin@req@width=\dimen108
)
("C:\Program Files\MiKTeX 2.9\tex\latex\base\inputenc.sty"
Package: inputenc 2008/03/30 v1.1d Input encoding file
\inpenc@prehook=\toks15
\inpenc@posthook=\toks16

("C:\Program Files\MiKTeX 2.9\tex\latex\base\latin1.def"
File: latin1.def 2008/03/30 v1.1d Input encoding file
))
("C:\Program Files\MiKTeX 2.9\tex\latex\amsfonts\amssymb.sty"
Package: amssymb 2009/06/22 v3.00

("C:\Program Files\MiKTeX 2.9\tex\latex\amsfonts\amsfonts.sty"
Package: amsfonts 2009/06/22 v3.00 Basic AMSFonts support
\@emptytoks=\toks17
\symAMSa=\mathgroup4
\symAMSb=\mathgroup5
LaTeX Font Info:    Overwriting math alphabet `\mathfrak' in version `bold'
(Font)                  U/euf/m/n --> U/euf/b/n on input line 96.
))
("C:\Program Files\MiKTeX 2.9\tex\latex\ams\math\amsmath.sty"
Package: amsmath 2000/07/18 v2.13 AMS math features
\@mathmargin=\skip43

For additional information on amsmath, use the `?' option.
("C:\Program Files\MiKTeX 2.9\tex\latex\ams\math\amstext.sty"
Package: amstext 2000/06/29 v2.01

("C:\Program Files\MiKTeX 2.9\tex\latex\ams\math\amsgen.sty"
File: amsgen.sty 1999/11/30 v2.0
\@emptytoks=\toks18
\ex@=\dimen109
))
("C:\Program Files\MiKTeX 2.9\tex\latex\ams\math\amsbsy.sty"
Package: amsbsy 1999/11/29 v1.2d
\pmbraise@=\dimen110
)
("C:\Program Files\MiKTeX 2.9\tex\latex\ams\math\amsopn.sty"
Package: amsopn 1999/12/14 v2.01 operator names
)
\inf@bad=\count88
LaTeX Info: Redefining \frac on input line 211.
\uproot@=\count89
\leftroot@=\count90
LaTeX Info: Redefining \overline on input line 307.
\classnum@=\count91
\DOTSCASE@=\count92
LaTeX Info: Redefining \ldots on input line 379.
LaTeX Info: Redefining \dots on input line 382.
LaTeX Info: Redefining \cdots on input line 467.
\Mathstrutbox@=\box26
\strutbox@=\box27
\big@size=\dimen111
LaTeX Font Info:    Redeclaring font encoding OML on input line 567.
LaTeX Font Info:    Redeclaring font encoding OMS on input line 568.
\macc@depth=\count93
\c@MaxMatrixCols=\count94
\dotsspace@=\muskip10
\c@parentequation=\count95
\dspbrk@lvl=\count96
\tag@help=\toks19
\row@=\count97
\column@=\count98
\maxfields@=\count99
\andhelp@=\toks20
\eqnshift@=\dimen112
\alignsep@=\dimen113
\tagshift@=\dimen114
\tagwidth@=\dimen115
\totwidth@=\dimen116
\lineht@=\dimen117
\@envbody=\toks21
\multlinegap=\skip44
\multlinetaggap=\skip45
\mathdisplay@stack=\toks22
LaTeX Info: Redefining \[ on input line 2666.
LaTeX Info: Redefining \] on input line 2667.
)
("C:\Program Files\MiKTeX 2.9\tex\latex\tools\array.sty"
Package: array 2008/09/09 v2.4c Tabular extension package (FMi)
\col@sep=\dimen118
\extrarowheight=\dimen119
\NC@list=\toks23
\extratabsurround=\skip46
\backup@length=\skip47
)
(D:\projetos\software\tcc\artigos\eureka2013\atlantis-press.sty
Package: atlantis-press 2007/04/03, Atlantic Press

("C:\Program Files\MiKTeX 2.9\tex\latex\ltxmisc\url.sty"
\Urlmuskip=\muskip11
Package: url 2006/04/12  ver 3.3  Verb mode for urls, etc.
)
("C:\Program Files\MiKTeX 2.9\tex\latex\base\fontenc.sty"
Package: fontenc 2005/09/27 v1.99g Standard LaTeX package

("C:\Program Files\MiKTeX 2.9\tex\latex\base\t1enc.def"
File: t1enc.def 2005/09/27 v1.99g Standard LaTeX file
LaTeX Font Info:    Redeclaring font encoding T1 on input line 43.
)))
("C:\Program Files\MiKTeX 2.9\tex\latex\lm\lmodern.sty"
Package: lmodern 2009/10/30 v1.6 Latin Modern Fonts
LaTeX Font Info:    Overwriting symbol font `operators' in version `normal'
(Font)                  OT1/cmr/m/n --> OT1/lmr/m/n on input line 22.
LaTeX Font Info:    Overwriting symbol font `letters' in version `normal'
(Font)                  OML/cmm/m/it --> OML/lmm/m/it on input line 23.
LaTeX Font Info:    Overwriting symbol font `symbols' in version `normal'
(Font)                  OMS/cmsy/m/n --> OMS/lmsy/m/n on input line 24.
LaTeX Font Info:    Overwriting symbol font `largesymbols' in version `normal'
(Font)                  OMX/cmex/m/n --> OMX/lmex/m/n on input line 25.
LaTeX Font Info:    Overwriting symbol font `operators' in version `bold'
(Font)                  OT1/cmr/bx/n --> OT1/lmr/bx/n on input line 26.
LaTeX Font Info:    Overwriting symbol font `letters' in version `bold'
(Font)                  OML/cmm/b/it --> OML/lmm/b/it on input line 27.
LaTeX Font Info:    Overwriting symbol font `symbols' in version `bold'
(Font)                  OMS/cmsy/b/n --> OMS/lmsy/b/n on input line 28.
LaTeX Font Info:    Overwriting symbol font `largesymbols' in version `bold'
(Font)                  OMX/cmex/m/n --> OMX/lmex/m/n on input line 29.
LaTeX Font Info:    Overwriting math alphabet `\mathbf' in version `normal'
(Font)                  OT1/cmr/bx/n --> OT1/lmr/bx/n on input line 31.
LaTeX Font Info:    Overwriting math alphabet `\mathsf' in version `normal'
(Font)                  OT1/cmss/m/n --> OT1/lmss/m/n on input line 32.
LaTeX Font Info:    Overwriting math alphabet `\mathit' in version `normal'
(Font)                  OT1/cmr/m/it --> OT1/lmr/m/it on input line 33.
LaTeX Font Info:    Overwriting math alphabet `\mathtt' in version `normal'
(Font)                  OT1/cmtt/m/n --> OT1/lmtt/m/n on input line 34.
LaTeX Font Info:    Overwriting math alphabet `\mathbf' in version `bold'
(Font)                  OT1/cmr/bx/n --> OT1/lmr/bx/n on input line 35.
LaTeX Font Info:    Overwriting math alphabet `\mathsf' in version `bold'
(Font)                  OT1/cmss/bx/n --> OT1/lmss/bx/n on input line 36.
LaTeX Font Info:    Overwriting math alphabet `\mathit' in version `bold'
(Font)                  OT1/cmr/bx/it --> OT1/lmr/bx/it on input line 37.
LaTeX Font Info:    Overwriting math alphabet `\mathtt' in version `bold'
(Font)                  OT1/cmtt/m/n --> OT1/lmtt/m/n on input line 38.
)
(D:\projetos\software\tcc\artigos\eureka2013\ap_proc_template.aux)
LaTeX Font Info:    Checking defaults for OML/cmm/m/it on input line 32.
LaTeX Font Info:    ... okay on input line 32.
LaTeX Font Info:    Checking defaults for T1/cmr/m/n on input line 32.
LaTeX Font Info:    ... okay on input line 32.
LaTeX Font Info:    Checking defaults for OT1/cmr/m/n on input line 32.
LaTeX Font Info:    ... okay on input line 32.
LaTeX Font Info:    Checking defaults for OMS/cmsy/m/n on input line 32.
LaTeX Font Info:    ... okay on input line 32.
LaTeX Font Info:    Checking defaults for OMX/cmex/m/n on input line 32.
LaTeX Font Info:    ... okay on input line 32.
LaTeX Font Info:    Checking defaults for U/cmr/m/n on input line 32.
LaTeX Font Info:    ... okay on input line 32.
LaTeX Font Info:    Try loading font information for T1+lmr on input line 32.

("C:\Program Files\MiKTeX 2.9\tex\latex\lm\t1lmr.fd"
File: t1lmr.fd 2009/10/30 v1.6 Font defs for Latin Modern
)
LaTeX Font Info:    Try loading font information for OT1+lmr on input line 46.

("C:\Program Files\MiKTeX 2.9\tex\latex\lm\ot1lmr.fd"
File: ot1lmr.fd 2009/10/30 v1.6 Font defs for Latin Modern
)
LaTeX Font Info:    Try loading font information for OML+lmm on input line 46.

("C:\Program Files\MiKTeX 2.9\tex\latex\lm\omllmm.fd"
File: omllmm.fd 2009/10/30 v1.6 Font defs for Latin Modern
)
LaTeX Font Info:    Try loading font information for OMS+lmsy on input line 46.


("C:\Program Files\MiKTeX 2.9\tex\latex\lm\omslmsy.fd"
File: omslmsy.fd 2009/10/30 v1.6 Font defs for Latin Modern
)
LaTeX Font Info:    Try loading font information for OMX+lmex on input line 46.


("C:\Program Files\MiKTeX 2.9\tex\latex\lm\omxlmex.fd"
File: omxlmex.fd 2009/10/30 v1.6 Font defs for Latin Modern
)
LaTeX Font Info:    External font `lmex10' loaded for size
(Font)              <10> on input line 46.
LaTeX Font Info:    External font `lmex10' loaded for size
(Font)              <7> on input line 46.
LaTeX Font Info:    External font `lmex10' loaded for size
(Font)              <5> on input line 46.
LaTeX Font Info:    Try loading font information for U+msa on input line 46.

("C:\Program Files\MiKTeX 2.9\tex\latex\amsfonts\umsa.fd"
File: umsa.fd 2009/06/22 v3.00 AMS symbols A
)
LaTeX Font Info:    Try loading font information for U+msb on input line 46.

("C:\Program Files\MiKTeX 2.9\tex\latex\amsfonts\umsb.fd"
File: umsb.fd 2009/06/22 v3.00 AMS symbols B
)
LaTeX Font Info:    Calculating math sizes for size <11> on input line 46.
LaTeX Font Info:    External font `lmex10' loaded for size
(Font)              <11> on input line 46.
LaTeX Font Info:    External font `lmex10' loaded for size
(Font)              <7.69997> on input line 46.
LaTeX Font Info:    External font `lmex10' loaded for size
(Font)              <5.5> on input line 46.

Overfull \hbox (99.58252pt too wide) in paragraph at lines 46--46
 [][] 
 []

LaTeX Font Info:    Try loading font information for OMS+lmr on input line 87.
("C:\Program Files\MiKTeX 2.9\tex\latex\lm\omslmr.fd"
File: omslmr.fd 2009/10/30 v1.6 Font defs for Latin Modern
)
LaTeX Font Info:    Font shape `OMS/lmr/m/n' in size <10> not available
(Font)              Font shape `OMS/lmsy/m/n' tried instead on input line 87.

Underfull \hbox (badness 2111) in paragraph at lines 87--90
[]\T1/lmr/m/n/10 Eventos tais como shows, fes-
 []


Underfull \hbox (badness 3000) in paragraph at lines 87--90
\T1/lmr/m/n/10 procura em um ponto es-pecí-
 []


Underfull \hbox (badness 1342) in paragraph at lines 94--96
[]\T1/lmr/m/n/10 Determinados horários onde ha
 []


Underfull \hbox (badness 1082) in paragraph at lines 100--106
\T1/lmr/m/n/10 ciona-mento do serviço de táxi, em
 []


Underfull \hbox (badness 1178) in paragraph at lines 107--112
\T1/lmr/m/n/10 o mod-elo de busca aleatório, onde
 []

[1
Non-PDF special ignored!{C:/ProgramData/MiKTeX/2.9/pdftex/config/pdftex.map}


]
Underfull \hbox (badness 1721) in paragraph at lines 113--123
\T1/lmr/m/n/10 e-los que de-screvessem o com-por-ta-
 []


Underfull \hbox (badness 3250) in paragraph at lines 124--130
[]\T1/lmr/m/n/10 Uma solução al-ter-na-tiva para o
 []


Underfull \hbox (badness 4505) in paragraph at lines 141--149
[]\T1/lmr/m/n/10 O tra-balho aqui de-scrito busca
 []


Underfull \hbox (badness 3312) in paragraph at lines 141--149
\T1/lmr/m/n/10 broad-cast-ing - uti-lizado, hoje, no
 []


Underfull \hbox (badness 2452) in paragraph at lines 154--159
\T1/lmr/m/n/10 em difer-entes lo-cal-i-dades mundi-ais.
 []


Underfull \hbox (badness 7451) in paragraph at lines 154--159
\T1/lmr/m/n/10 Grandes cen-tros con-tam, nor-mal-
 []


Underfull \hbox (badness 2799) in paragraph at lines 154--159
\T1/lmr/m/n/10 seiam ou re-al-izam negó-cios nes-sas
 []


Underfull \hbox (badness 4217) in paragraph at lines 173--181
[]\T1/lmr/m/n/10 Existem difer-entes téc-ni-cas para
 []

[2]
Underfull \hbox (badness 7888) in paragraph at lines 189--197
[]\T1/lmr/m/n/10 Devido ao cresci-mento do uso
 []


Underfull \hbox (badness 1515) in paragraph at lines 209--215
\T1/lmr/m/n/10 solução sim-pli-fi-cada: o custo para
 []


Underfull \hbox (badness 1087) in paragraph at lines 209--215
\T1/lmr/m/n/10 o pro-ces-sa-mento de uma req-ui-sição
 []


Underfull \hbox (badness 2134) in paragraph at lines 216--221
[]\T1/lmr/m/n/10 A fim de diminuir o tempo de
 []


Underfull \hbox (badness 7308) in paragraph at lines 234--236
[]\T1/lmr/m/n/10 Caso seja en-con-trado ao
 []


Underfull \hbox (badness 5711) in paragraph at lines 234--236
\T1/lmr/m/n/10 faixa, ocorre o pro-ces-sa-
 []


Underfull \hbox (badness 2310) in paragraph at lines 236--238
[]\T1/lmr/m/n/10 Caso não se-jam en-con-tra-
 []

File: imagens/circulos.eps Graphic file (type eps)
<imagens/circulos.eps>
Overfull \hbox (74.69257pt too wide) in paragraph at lines 260--261
 [][] 
 []


Underfull \hbox (badness 3623) in paragraph at lines 247--272
\T1/lmr/m/n/10 Podemos com-preen-der mel-hor essa
 []


Underfull \hbox (badness 3039) in paragraph at lines 247--272
\T1/lmr/m/n/10 situ-ação com auxílio da figura 1[].
 []


Underfull \hbox (badness 1052) in paragraph at lines 247--272
\T1/lmr/bx/it/10 (sub-sti-tuir por hachu-rada 2) \T1/lmr/m/n/10 e,
 []


Underfull \hbox (badness 1430) in paragraph at lines 247--272
\T1/lmr/m/n/10 em se-quên-cia, caso seja necessário,
 []

[3]
File: imagens/rota_taxista_cliente.eps Graphic file (type eps)
 <imagens/rota_taxista_cliente.eps>
Overfull \hbox (87.33995pt too wide) in paragraph at lines 300--301
 [][] 
 []

[4
Non-PDF special ignored!
Non-PDF special ignored!]
Underfull \hbox (badness 2662) in paragraph at lines 323--329
\T1/lmr/m/n/10 lizado at-ual-mente para es-colha do
 []


Underfull \hbox (badness 1024) in paragraph at lines 323--329
\T1/lmr/m/n/10 taxista re-spon-sável por aten-der um
 []


Underfull \hbox (badness 2142) in paragraph at lines 330--338
[]\T1/lmr/m/n/10 No método broad-cast-ing não há
 []


Underfull \hbox (badness 2635) in paragraph at lines 351--354
\T1/lmr/m/n/10 O mecan-ismo de sim-u-lação de-sen-
 []


Underfull \hbox (badness 1558) in paragraph at lines 355--360
[]\T1/lmr/m/n/10 Os testes foram ex-e-cu-ta-dos para
 []


Underfull \hbox (badness 2564) in paragraph at lines 355--360
\T1/lmr/m/n/10 to-dos os al-go-rit-mos sob as mesas
 []


Underfull \hbox (badness 1178) in paragraph at lines 361--367
[]\T1/lmr/m/n/10 Para cal-cu-lar o tempo mé-dio de
 []


Underfull \hbox (badness 1817) in paragraph at lines 361--367
\T1/lmr/m/n/10 uma vez que a sim-u-lação real do
 []


Underfull \hbox (badness 1365) in paragraph at lines 375--385
\T1/lmr/m/n/10 e-ladas, prin-ci-pal-mente quando rela-
 []

[5]
File: imagens/histograma.eps Graphic file (type eps)
 <imagens/histograma.eps>
Overfull \hbox (118.05501pt too wide) in paragraph at lines 397--398
 [][] 
 []


Underfull \hbox (badness 1194) in paragraph at lines 432--441
[]\T1/lmr/m/n/10 Devemos in-for-mar que a elas-ti-ci-
 []

[6
Non-PDF special ignored!]
Underfull \hbox (badness 1048) in paragraph at lines 450--453
\T1/lmr/m/n/10 mente pela cidade, em even-tos
 []


Underfull \hbox (badness 2913) in paragraph at lines 453--456
\T1/lmr/m/n/10 e vice-versa, sim-u-lando o in-í-
 []


Underfull \hbox (badness 2951) in paragraph at lines 472--478
\T1/lmr/m/n/10 se-riam ex-e-cu-ta-dos, sim-u-lando uma
 []


Underfull \hbox (badness 6316) in paragraph at lines 489--490
[]\T1/lmr/m/n/10 Raios de busca dos cir-cu-los:
 []


Underfull \hbox (badness 1789) in paragraph at lines 490--491
[]\T1/lmr/m/n/10 Probabilidade de movi-men-ta-cao
 []


Underfull \hbox (badness 1852) in paragraph at lines 491--493
\T1/lmr/m/n/10 acao do sta-tus de um taxista
 []


Overfull \hbox (2.42563pt too wide) in paragraph at lines 524--537
 [][] 
 []

[7]
Underfull \hbox (badness 10000) in paragraph at lines 550--550
[]\T1/lmr/bx/it/10 GPS-based al-go-rithm with
 []


Underfull \hbox (badness 10000) in paragraph at lines 550--550
\T1/lmr/bx/it/10 lower es-ti-mated time for
 []


Underfull \hbox (badness 10000) in paragraph at lines 550--550
[]\T1/lmr/bx/it/10 GPS-based al-go-rithm with
 []

File: imagens/tempo_300.eps Graphic file (type eps)
<imagens/tempo_300.eps>
Overfull \hbox (116.8505pt too wide) in paragraph at lines 561--562
 [][] 
 []


Underfull \hbox (badness 3058) in paragraph at lines 554--575
\T1/lmr/m/n/10 e-cuções é o tempo mé-dio de es-
 []


LaTeX Warning: `!h' float specifier changed to `!ht'.

File: imagens/distancia_300.eps Graphic file (type eps)
<imagens/distancia_300.eps>
Overfull \hbox (308.16235pt too wide) in paragraph at lines 582--583
 [][] 
 []


Underfull \hbox (badness 1009) in paragraph at lines 576--590
[]\T1/lmr/m/n/10 As in-for-mações cor-re-spon-dentes a
 []

[8
Non-PDF special ignored!
Non-PDF special ignored!]
File: imagens/correlacao_300.eps Graphic file (type eps)
 <imagens/correlacao_300.eps>
Overfull \hbox (69.26985pt too wide) in paragraph at lines 603--604
 [][] 
 []

File: imagens/execucao_300.eps Graphic file (type eps)
<imagens/execucao_300.eps>
Overfull \hbox (308.16235pt too wide) in paragraph at lines 616--617
 [][] 
 []


LaTeX Warning: `!h' float specifier changed to `!ht'.


Underfull \hbox (badness 1803) in paragraph at lines 640--645
\T1/lmr/m/n/10 a oferta de taxis-tas em re-lação à
 []


Underfull \vbox (badness 10000) has occurred while \output is active []

 [9
Non-PDF special ignored!
Non-PDF special ignored!]
File: imagens/tempo_200.eps Graphic file (type eps)
 <imagens/tempo_200.eps>
Overfull \hbox (307.1586pt too wide) in paragraph at lines 653--654
 [][] 
 []

File: imagens/distancia_200.eps Graphic file (type eps)
<imagens/distancia_200.eps>
Overfull \hbox (307.1586pt too wide) in paragraph at lines 670--671
 [][] 
 []


Underfull \hbox (badness 1009) in paragraph at lines 664--680
[]\T1/lmr/m/n/10 As in-for-mações cor-re-spon-dentes a
 []


Underfull \hbox (badness 2418) in paragraph at lines 685--689
\T1/lmr/m/n/10 a-dos nesse ar-tigo, foi anal-isada a
 []


Underfull \hbox (badness 2020) in paragraph at lines 685--689
\T1/lmr/m/n/10 con-tribuição de cada um de-les na
 []

[10
Non-PDF special ignored!
Non-PDF special ignored!]
Underfull \hbox (badness 2150) in paragraph at lines 705--711
\T1/lmr/m/n/10 tân-cia per-cor-rida pelo taxista e o
 []


Underfull \hbox (badness 1342) in paragraph at lines 712--716
[]\T1/lmr/m/n/10 Em uma situ-ação real, as in-for-
 []


Underfull \hbox (badness 10000) in paragraph at lines 724--730
[]\T1/lmr/m/n/10 Em retenções gen-er-al-izadas,
 []


Underfull \hbox (badness 3375) in paragraph at lines 732--740
\T1/lmr/m/n/10 do mel-hor veículo disponível para
 []


Underfull \hbox (badness 4660) in paragraph at lines 732--740
\T1/lmr/m/n/10 atendi-mento, pode-se ver-i-ficar, de
 []


Underfull \hbox (badness 2495) in paragraph at lines 751--765
\T1/lmr/m/n/10 cast-ing, deve-se ado-tar cautela na
 []


Underfull \hbox (badness 1584) in paragraph at lines 751--765
\T1/lmr/m/n/10 de es-pera. Con-siderando que um
 []

[11]
Underfull \hbox (badness 1019) in paragraph at lines 778--784
\T1/lmr/m/n/10 req-ui-sição, tor-nando o tra-jeto mais
 []

[12]
Underfull \hbox (badness 1215) in paragraph at lines 827--828
\T1/lmr/m/it/10 bile com-put-ing op-por-tu-ni-ties and
 []


Underfull \hbox (badness 3657) in paragraph at lines 831--832
\T1/lmr/m/n/10 ar-rival - Time pre-dic-tion with
 []


Underfull \hbox (badness 8056) in paragraph at lines 831--832
\T1/lmr/m/n/10 GPS data. \T1/lmr/m/it/10 Trans-porta-tion Re-
 []

[13

] (D:\projetos\software\tcc\artigos\eureka2013\ap_proc_template.aux) ) 
Here is how much of TeX's memory you used:
 2030 strings out of 494045
 24792 string characters out of 3148387
 76940 words of memory out of 3000000
 5274 multiletter control sequences out of 15000+200000
 58230 words of font info for 55 fonts, out of 3000000 for 9000
 715 hyphenation exceptions out of 8191
 29i,10n,24p,4639b,272s stack positions out of 5000i,500n,10000p,200000b,50000s
{C:/Progr
am Files/MiKTeX 2.9/fonts/enc/dvips/lm/lm-ec.enc}{C:/Program Files/MiKTeX 2.9/f
onts/enc/dvips/lm/lm-mathsy.enc}{C:/Program Files/MiKTeX 2.9/fonts/enc/dvips/lm
/lm-rm.enc}<C:/Program Files/MiKTeX 2.9/fonts/type1/public/lm/lmbx10.pfb><C:/Pr
ogram Files/MiKTeX 2.9/fonts/type1/public/lm/lmbx12.pfb><C:/Program Files/MiKTe
X 2.9/fonts/type1/public/lm/lmbxi10.pfb><C:/Program Files/MiKTeX 2.9/fonts/type
1/public/lm/lmr10.pfb><C:/Program Files/MiKTeX 2.9/fonts/type1/public/lm/lmr7.p
fb><C:/Program Files/MiKTeX 2.9/fonts/type1/public/lm/lmr8.pfb><C:/Program File
s/MiKTeX 2.9/fonts/type1/public/lm/lmri10.pfb><C:/Program Files/MiKTeX 2.9/font
s/type1/public/lm/lmsy10.pfb>
Output written on ap_proc_template.pdf (13 pages, 215725 bytes).
PDF statistics:
 80 PDF objects out of 1000 (max. 8388607)
 0 named destinations out of 1000 (max. 500000)
 1 words of extra memory for PDF output out of 10000 (max. 10000000)

